app/build/outputs/logs/manifest-merger-debug-report.txt
-- Merging decision tree log ---
manifest
ADDED from src\main\AndroidManifest.xml:2:1-41:12
	package
		ADDED from src\main\AndroidManifest.xml:3:5-44
		INJECTED from src\main\AndroidManifest.xml
		INJECTED from src\main\AndroidManifest.xml
	android:versionName
		INJECTED from src\main\AndroidManifest.xml
		INJECTED from src\main\AndroidManifest.xml
	xmlns:android
		ADDED from src\main\AndroidManifest.xml:2:11-69
	android:versionCode
		INJECTED from src\main\AndroidManifest.xml
		INJECTED from src\main\AndroidManifest.xml
application
ADDED from src\main\AndroidManifest.xml:5:5-39:19
MERGED from [com.android.support:appcompat-v7:23.2.0] AndroidManifest.xml:25:5-20
MERGED from [com.android.support:support-v4:23.2.0] AndroidManifest.xml:22:5-20
MERGED from [com.android.support:animated-vector-drawable:23.2.0] AndroidManifest.xml:7:5-20
MERGED from [com.android.support:support-vector-drawable:23.2.0] AndroidManifest.xml:7:5-20
MERGED from [com.android.support:support-v4:23.2.0] AndroidManifest.xml:22:5-20
MERGED from [com.android.support:support-vector-drawable:23.2.0] AndroidManifest.xml:7:5-20
MERGED from [com.android.support:support-v4:23.2.0] AndroidManifest.xml:22:5-20
MERGED from [com.android.support:cardview-v7:23.2.0] AndroidManifest.xml:22:5-20
MERGED from [com.android.support:design:23.2.0] AndroidManifest.xml:22:5-20
MERGED from [com.android.support:support-v4:23.2.0] AndroidManifest.xml:22:5-20
MERGED from [com.android.support:appcompat-v7:23.2.0] AndroidManifest.xml:25:5-20
MERGED from [com.android.support:support-v4:23.2.0] AndroidManifest.xml:22:5-20
MERGED from [com.android.support:animated-vector-drawable:23.2.0] AndroidManifest.xml:7:5-20
MERGED from [com.android.support:support-vector-drawable:23.2.0] AndroidManifest.xml:7:5-20
MERGED from [com.android.support:support-v4:23.2.0] AndroidManifest.xml:22:5-20
MERGED from [com.android.support:support-vector-drawable:23.2.0] AndroidManifest.xml:7:5-20
MERGED from [com.android.support:support-v4:23.2.0] AndroidManifest.xml:22:5-20
MERGED from [com.android.support:support-v4:23.2.0] AndroidManifest.xml:22:5-20
MERGED from [com.android.support:support-v4:23.2.0] AndroidManifest.xml:22:5-20
	android:label
		ADDED from src\main\AndroidManifest.xml:8:9-41
	android:supportsRtl
		ADDED from src\main\AndroidManifest.xml:9:9-35
	android:allowBackup
		ADDED from src\main\AndroidManifest.xml:6:9-35
	android:icon
		ADDED from src\main\AndroidManifest.xml:7:9-43
	android:theme
		ADDED from src\main\AndroidManifest.xml:10:9-40
activity#com.bbt.kangel.dbtesingsystem.activity.LoginActivity
ADDED from src\main\AndroidManifest.xml:11:9-16:20
	android:theme
		ADDED from src\main\AndroidManifest.xml:11:58-100
	android:name
		ADDED from src\main\AndroidManifest.xml:11:19-57
intent-filter#android.intent.action.MAIN+android.intent.category.LAUNCHER
ADDED from src\main\AndroidManifest.xml:12:13-15:29
action#android.intent.action.MAIN
ADDED from src\main\AndroidManifest.xml:13:17-69
	android:name
		ADDED from src\main\AndroidManifest.xml:13:25-66
category#android.intent.category.LAUNCHER
ADDED from src\main\AndroidManifest.xml:14:17-77
	android:name
		ADDED from src\main\AndroidManifest.xml:14:27-74
activity#com.bbt.kangel.dbtesingsystem.activity.StudentMainActivity
ADDED from src\main\AndroidManifest.xml:17:9-19:20
	android:name
		ADDED from src\main\AndroidManifest.xml:17:19-63
activity#com.bbt.kangel.dbtesingsystem.activity.StudentViewGradeActivity
ADDED from src\main\AndroidManifest.xml:20:9-70
	android:name
		ADDED from src\main\AndroidManifest.xml:20:19-68
activity#com.bbt.kangel.dbtesingsystem.activity.TeacherMainActivity
ADDED from src\main\AndroidManifest.xml:22:9-65
	android:name
		ADDED from src\main\AndroidManifest.xml:22:19-63
activity#com.bbt.kangel.dbtesingsystem.activity.DeanMainActivity
ADDED from src\main\AndroidManifest.xml:23:9-62
	android:name
		ADDED from src\main\AndroidManifest.xml:23:19-60
activity#com.bbt.kangel.dbtesingsystem.activity.TestActivity
ADDED from src\main\AndroidManifest.xml:24:9-58
	android:name
		ADDED from src\main\AndroidManifest.xml:24:19-56
activity#com.bbt.kangel.dbtesingsystem.activity.TeacherChooseUnmarkedActivity
ADDED from src\main\AndroidManifest.xml:25:9-75
	android:name
		ADDED from src\main\AndroidManifest.xml:25:19-73
activity#com.bbt.kangel.dbtesingsystem.activity.TeacherMarkActivity
ADDED from src\main\AndroidManifest.xml:26:9-65
	android:name
		ADDED from src\main\AndroidManifest.xml:26:19-63
activity#com.bbt.kangel.dbtesingsystem.activity.TeacherViewGradeActivity
ADDED from src\main\AndroidManifest.xml:27:9-70
	android:name
		ADDED from src\main\AndroidManifest.xml:27:19-68
activity#com.bbt.kangel.dbtesingsystem.activity.DeanManageActivity
ADDED from src\main\AndroidManifest.xml:28:9-64
	android:name
		ADDED from src\main\AndroidManifest.xml:28:19-62
activity#com.bbt.kangel.dbtesingsystem.activity.ShowStatisticsActivity
ADDED from src\main\AndroidManifest.xml:29:9-103
	android:theme
		ADDED from src\main\AndroidManifest.xml:29:67-101
	android:name
		ADDED from src\main\AndroidManifest.xml:29:19-66
activity#com.bbt.kangel.dbtesingsystem.activity.TeacherManagePaperActivity
ADDED from src\main\AndroidManifest.xml:30:9-72
	android:name
		ADDED from src\main\AndroidManifest.xml:30:19-70
activity#com.bbt.kangel.dbtesingsystem.activity.TeacherManageQuestionActivity
ADDED from src\main\AndroidManifest.xml:31:9-76
	android:name
		ADDED from src\main\AndroidManifest.xml:31:19-73
activity#com.bbt.kangel.dbtesingsystem.activity.TeacherViewPaperDetailActivity
ADDED from src\main\AndroidManifest.xml:32:9-76
	android:name
		ADDED from src\main\AndroidManifest.xml:32:19-74
activity#com.bbt.kangel.dbtesingsystem.activity.TeacherViewQuestionDetailActivity
ADDED from src\main\AndroidManifest.xml:33:9-79
	android:name
		ADDED from src\main\AndroidManifest.xml:33:19-77
activity#com.bbt.kangel.dbtesingsystem.activity.TeacherAddNewTextQuestionActivity
ADDED from src\main\AndroidManifest.xml:34:9-79
	android:name
		ADDED from src\main\AndroidManifest.xml:34:19-77
activity#com.bbt.kangel.dbtesingsystem.activity.TeacherAddChoiceQuestionActivity
ADDED from src\main\AndroidManifest.xml:35:9-79
	android:name
		ADDED from src\main\AndroidManifest.xml:35:19-76
activity#com.bbt.kangel.dbtesingsystem.activity.TeacherAddPaperActivity
ADDED from src\main\AndroidManifest.xml:36:9-70
	android:name
		ADDED from src\main\AndroidManifest.xml:36:19-67
activity#com.bbt.kangel.dbtesingsystem.activity.DeanViewPeopleDetailActivity
ADDED from src\main\AndroidManifest.xml:37:9-75
	android:name
		ADDED from src\main\AndroidManifest.xml:37:19-72
activity#com.bbt.kangel.dbtesingsystem.activity.DeanAddOrEditAccountActivity
ADDED from src\main\AndroidManifest.xml:38:9-74
	android:name
		ADDED from src\main\AndroidManifest.xml:38:19-72
uses-sdk
INJECTED from src\main\AndroidManifest.xml reason: use-sdk injection requested
MERGED from [com.android.support:appcompat-v7:23.2.0] AndroidManifest.xml:21:5-23:78
MERGED from [com.android.support:support-v4:23.2.0] AndroidManifest.xml:20:5-43
MERGED from [com.android.support:animated-vector-drawable:23.2.0] AndroidManifest.xml:5:5-44
MERGED from [com.android.support:support-vector-drawable:23.2.0] AndroidManifest.xml:5:5-43
MERGED from [com.android.support:support-v4:23.2.0] AndroidManifest.xml:20:5-43
MERGED from [com.android.support:support-vector-drawable:23.2.0] AndroidManifest.xml:5:5-43
MERGED from [com.android.support:support-v4:23.2.0] AndroidManifest.xml:20:5-43
MERGED from [com.android.support:cardview-v7:23.2.0] AndroidManifest.xml:20:5-43
MERGED from [com.android.support:design:23.2.0] AndroidManifest.xml:20:5-43
MERGED from [com.android.support:recyclerview-v7:23.2.0] AndroidManifest.xml:20:5-43
MERGED from [com.android.support:support-v4:23.2.0] AndroidManifest.xml:20:5-43
MERGED from [com.android.support:appcompat-v7:23.2.0] AndroidManifest.xml:21:5-23:78
MERGED from [com.android.support:support-v4:23.2.0] AndroidManifest.xml:20:5-43
MERGED from [com.android.support:animated-vector-drawable:23.2.0] AndroidManifest.xml:5:5-44
MERGED from [com.android.support:support-vector-drawable:23.2.0] AndroidManifest.xml:5:5-43
MERGED from [com.android.support:support-v4:23.2.0] AndroidManifest.xml:20:5-43
MERGED from [com.android.support:support-vector-drawable:23.2.0] AndroidManifest.xml:5:5-43
MERGED from [com.android.support:support-v4:23.2.0] AndroidManifest.xml:20:5-43
MERGED from [com.android.support:support-v4:23.2.0] AndroidManifest.xml:20:5-43
MERGED from [com.android.support:recyclerview-v7:23.2.0] AndroidManifest.xml:20:5-43
MERGED from [com.android.support:support-v4:23.2.0] AndroidManifest.xml:20:5-43
	tools:overrideLibrary
		ADDED from [com.android.support:appcompat-v7:23.2.0] AndroidManifest.xml:23:9-75
	android:targetSdkVersion
		INJECTED from src\main\AndroidManifest.xml
		INJECTED from src\main\AndroidManifest.xml
	android:minSdkVersion
		INJECTED from src\main\AndroidManifest.xml
		INJECTED from src\main\AndroidManifest.xml